<?xml version="1.0" encoding="UTF-8"?>
<!-- Generated by org.testng.reporters.JUnitReportReporter -->
<testsuite hostname="DESKTOP-HDPLE11" failures="0" tests="1" name="com.ebank.testcase.TC_02_loginTest_Logging_log4j" time="1.805" errors="0" timestamp="2024-01-17T17:34:11 IST" skipped="0">
  <testcase classname="com.ebank.testcase.TC_02_loginTest_Logging_log4j" name="loginTest" time="1.805"/>
</testsuite> <!-- com.ebank.testcase.TC_02_loginTest_Logging_log4j -->
