<?xml version="1.0" encoding="UTF-8"?>
<!-- Generated by org.testng.reporters.JUnitReportReporter -->
<testsuite hostname="DESKTOP-HDPLE11" failures="0" tests="1" name="com.ebank.testcase.TC_01_loginTest" time="1.501" errors="0" timestamp="2024-01-16T23:32:32 IST" skipped="0">
  <testcase classname="com.ebank.testcase.TC_01_loginTest" name="loginTest" time="1.501"/>
</testsuite> <!-- com.ebank.testcase.TC_01_loginTest -->
