<?xml version="1.0" encoding="UTF-8"?>
<!-- Generated by org.testng.reporters.JUnitReportReporter -->
<testsuite hostname="DESKTOP-HDPLE11" failures="0" tests="1" name="com.ebank.testcase.TC_01_loginTest" time="2.485" errors="0" timestamp="2024-01-17T17:25:11 IST" skipped="0">
  <testcase classname="com.ebank.testcase.TC_01_loginTest" name="loginTest" time="2.485"/>
</testsuite> <!-- com.ebank.testcase.TC_01_loginTest -->
